# JRE version: Java(TM) SE Runtime Environment (17.0.7+8) (build 17.0.7+8-LTS-224)
# Java VM: Java HotSpot(TM) 64-Bit Server VM (17.0.7+8-LTS-224, mixed mode, sharing, tiered, compressed oops, compressed class ptrs, g1 gc, windows-amd64)
GC Precious Log:
 CPUs: 12 total, 12 available
 Memory: 15731M
 Large Page Support: Disabled
 NUMA Support: Disabled
 Compressed Oops: Enabled (32-bit)
 Heap Region Size: 1M
 Heap Min Capacity: 8M
 Heap Initial Capacity: 246M
 Heap Max Capacity: 2G
 Pre-touch: Disabled
 Parallel Workers: 10
 Concurrent Workers: 3
 Concurrent Refinement Workers: 10
 Periodic GC: Disabled
Heap:
 garbage-first heap   total 172032K, used 116274K [0x0000000080000000, 0x0000000100000000)
  region size 1024K, 22 young (22528K), 3 survivors (3072K)
 Metaspace       used 76702K, committed 77504K, reserved 1122304K
  class space    used 10571K, committed 10944K, reserved 1048576K
GC Heap History (20 events):
Event: 20.775 GC heap before
{Heap before GC invocations=27 (full 0):
 garbage-first heap   total 87040K, used 67759K [0x0000000080000000, 0x0000000100000000)
  region size 1024K, 20 young (20480K), 1 survivors (1024K)
 Metaspace       used 51778K, committed 52288K, reserved 1097728K
  class space    used 7261K, committed 7488K, reserved 1048576K
}
Event: 20.778 GC heap after
{Heap after GC invocations=28 (full 0):
 garbage-first heap   total 87040K, used 51548K [0x0000000080000000, 0x0000000100000000)
  region size 1024K, 3 young (3072K), 3 survivors (3072K)
 Metaspace       used 51778K, committed 52288K, reserved 1097728K
  class space    used 7261K, committed 7488K, reserved 1048576K
}
Event: 21.197 GC heap before
{Heap before GC invocations=29 (full 0):
 garbage-first heap   total 89088K, used 67932K [0x0000000080000000, 0x0000000100000000)
  region size 1024K, 20 young (20480K), 3 survivors (3072K)
 Metaspace       used 51783K, committed 52288K, reserved 1097728K
  class space    used 7261K, committed 7488K, reserved 1048576K
}
Event: 21.199 GC heap after
{Heap after GC invocations=30 (full 0):
 garbage-first heap   total 89088K, used 52005K [0x0000000080000000, 0x0000000100000000)
  region size 1024K, 3 young (3072K), 3 survivors (3072K)
 Metaspace       used 51783K, committed 52288K, reserved 1097728K
  class space    used 7261K, committed 7488K, reserved 1048576K
}
Event: 21.216 GC heap before
{Heap before GC invocations=30 (full 0):
 garbage-first heap   total 89088K, used 53029K [0x0000000080000000, 0x0000000100000000)
  region size 1024K, 4 young (4096K), 3 survivors (3072K)
 Metaspace       used 51783K, committed 52288K, reserved 1097728K
  class space    used 7261K, committed 7488K, reserved 1048576K
}
Event: 21.219 GC heap after
{Heap after GC invocations=31 (full 0):
 garbage-first heap   total 89088K, used 49557K [0x0000000080000000, 0x0000000100000000)
  region size 1024K, 1 young (1024K), 1 survivors (1024K)
 Metaspace       used 51783K, committed 52288K, reserved 1097728K
  class space    used 7261K, committed 7488K, reserved 1048576K
}
Event: 21.748 GC heap before
{Heap before GC invocations=31 (full 0):
 garbage-first heap   total 89088K, used 76181K [0x0000000080000000, 0x0000000100000000)
  region size 1024K, 22 young (22528K), 1 survivors (1024K)
 Metaspace       used 52006K, committed 52544K, reserved 1097728K
  class space    used 7288K, committed 7552K, reserved 1048576K
}
Event: 21.751 GC heap after
{Heap after GC invocations=32 (full 0):
 garbage-first heap   total 172032K, used 60259K [0x0000000080000000, 0x0000000100000000)
  region size 1024K, 3 young (3072K), 3 survivors (3072K)
 Metaspace       used 52006K, committed 52544K, reserved 1097728K
  class space    used 7288K, committed 7552K, reserved 1048576K
}
Event: 24.862 GC heap before
{Heap before GC invocations=32 (full 0):
 garbage-first heap   total 172032K, used 145251K [0x0000000080000000, 0x0000000100000000)
  region size 1024K, 79 young (80896K), 3 survivors (3072K)
 Metaspace       used 57444K, committed 58112K, reserved 1105920K
  class space    used 7941K, committed 8256K, reserved 1048576K
}
Event: 24.868 GC heap after
{Heap after GC invocations=33 (full 0):
 garbage-first heap   total 172032K, used 75684K [0x0000000080000000, 0x0000000100000000)
  region size 1024K, 10 young (10240K), 10 survivors (10240K)
 Metaspace       used 57444K, committed 58112K, reserved 1105920K
  class space    used 7941K, committed 8256K, reserved 1048576K
}
Event: 27.509 GC heap before
{Heap before GC invocations=33 (full 0):
 garbage-first heap   total 172032K, used 144292K [0x0000000080000000, 0x0000000100000000)
  region size 1024K, 72 young (73728K), 10 survivors (10240K)
 Metaspace       used 62577K, committed 63232K, reserved 1105920K
  class space    used 8644K, committed 8960K, reserved 1048576K
}
Event: 27.516 GC heap after
{Heap after GC invocations=34 (full 0):
 garbage-first heap   total 172032K, used 82777K [0x0000000080000000, 0x0000000100000000)
  region size 1024K, 6 young (6144K), 6 survivors (6144K)
 Metaspace       used 62577K, committed 63232K, reserved 1105920K
  class space    used 8644K, committed 8960K, reserved 1048576K
}
Event: 29.562 GC heap before
{Heap before GC invocations=34 (full 0):
 garbage-first heap   total 172032K, used 138073K [0x0000000080000000, 0x0000000100000000)
  region size 1024K, 60 young (61440K), 6 survivors (6144K)
 Metaspace       used 67429K, committed 68160K, reserved 1114112K
  class space    used 9264K, committed 9600K, reserved 1048576K
}
Event: 29.567 GC heap after
{Heap after GC invocations=35 (full 0):
 garbage-first heap   total 172032K, used 85765K [0x0000000080000000, 0x0000000100000000)
  region size 1024K, 4 young (4096K), 4 survivors (4096K)
 Metaspace       used 67429K, committed 68160K, reserved 1114112K
  class space    used 9264K, committed 9600K, reserved 1048576K
}
Event: 31.149 GC heap before
{Heap before GC invocations=35 (full 0):
 garbage-first heap   total 172032K, used 143109K [0x0000000080000000, 0x0000000100000000)
  region size 1024K, 57 young (58368K), 4 survivors (4096K)
 Metaspace       used 71169K, committed 71872K, reserved 1114112K
  class space    used 9811K, committed 10176K, reserved 1048576K
}
Event: 31.153 GC heap after
{Heap after GC invocations=36 (full 0):
 garbage-first heap   total 172032K, used 90916K [0x0000000080000000, 0x0000000100000000)
  region size 1024K, 6 young (6144K), 6 survivors (6144K)
 Metaspace       used 71169K, committed 71872K, reserved 1114112K
  class space    used 9811K, committed 10176K, reserved 1048576K
}
Event: 31.964 GC heap before
{Heap before GC invocations=36 (full 0):
 garbage-first heap   total 172032K, used 142116K [0x0000000080000000, 0x0000000100000000)
  region size 1024K, 56 young (57344K), 6 survivors (6144K)
 Metaspace       used 72366K, committed 73088K, reserved 1114112K
  class space    used 9981K, committed 10304K, reserved 1048576K
}
Event: 31.969 GC heap after
{Heap after GC invocations=37 (full 0):
 garbage-first heap   total 172032K, used 95547K [0x0000000080000000, 0x0000000100000000)
  region size 1024K, 7 young (7168K), 7 survivors (7168K)
 Metaspace       used 72366K, committed 73088K, reserved 1114112K
  class space    used 9981K, committed 10304K, reserved 1048576K
}
Event: 33.575 GC heap before
{Heap before GC invocations=37 (full 0):
 garbage-first heap   total 172032K, used 141627K [0x0000000080000000, 0x0000000100000000)
  region size 1024K, 52 young (53248K), 7 survivors (7168K)
 Metaspace       used 75359K, committed 76096K, reserved 1122304K
  class space    used 10386K, committed 10752K, reserved 1048576K
}
Event: 33.580 GC heap after
{Heap after GC invocations=38 (full 0):
 garbage-first heap   total 172032K, used 97842K [0x0000000080000000, 0x0000000100000000)
  region size 1024K, 3 young (3072K), 3 survivors (3072K)
 Metaspace       used 75359K, committed 76096K, reserved 1122304K
  class space    used 10386K, committed 10752K, reserved 1048576K
}

