# JRE version: Java(TM) SE Runtime Environment (17.0.7+8) (build 17.0.7+8-LTS-224)
# Java VM: Java HotSpot(TM) 64-Bit Server VM (17.0.7+8-LTS-224, mixed mode, sharing, tiered, compressed oops, compressed class ptrs, g1 gc, windows-amd64)
GC Precious Log:
 CPUs: 12 total, 12 available
 Memory: 15731M
 Large Page Support: Disabled
 NUMA Support: Disabled
 Compressed Oops: Enabled (32-bit)
 Heap Region Size: 1M
 Heap Min Capacity: 8M
 Heap Initial Capacity: 246M
 Heap Max Capacity: 2G
 Pre-touch: Disabled
 Parallel Workers: 10
 Concurrent Workers: 3
 Concurrent Refinement Workers: 10
 Periodic GC: Disabled
Heap:
 garbage-first heap   total 331776K, used 196482K [0x0000000080000000, 0x0000000100000000)
  region size 1024K, 3 young (3072K), 2 survivors (2048K)
 Metaspace       used 114666K, committed 115648K, reserved 1155072K
  class space    used 15386K, committed 15872K, reserved 1048576K
GC Heap History (20 events):
Event: 24.800 GC heap before
{Heap before GC invocations=52 (full 0):
 garbage-first heap   total 242688K, used 199724K [0x0000000080000000, 0x0000000100000000)
  region size 1024K, 40 young (40960K), 5 survivors (5120K)
 Metaspace       used 106410K, committed 107328K, reserved 1146880K
  class space    used 14585K, committed 15040K, reserved 1048576K
}
Event: 24.804 GC heap after
{Heap after GC invocations=53 (full 0):
 garbage-first heap   total 242688K, used 167803K [0x0000000080000000, 0x0000000100000000)
  region size 1024K, 4 young (4096K), 4 survivors (4096K)
 Metaspace       used 106410K, committed 107328K, reserved 1146880K
  class space    used 14585K, committed 15040K, reserved 1048576K
}
Event: 24.891 GC heap before
{Heap before GC invocations=53 (full 0):
 garbage-first heap   total 242688K, used 200571K [0x0000000080000000, 0x0000000100000000)
  region size 1024K, 37 young (37888K), 4 survivors (4096K)
 Metaspace       used 106410K, committed 107328K, reserved 1146880K
  class space    used 14585K, committed 15040K, reserved 1048576K
}
Event: 24.894 GC heap after
{Heap after GC invocations=54 (full 0):
 garbage-first heap   total 242688K, used 168675K [0x0000000080000000, 0x0000000100000000)
  region size 1024K, 4 young (4096K), 4 survivors (4096K)
 Metaspace       used 106410K, committed 107328K, reserved 1146880K
  class space    used 14585K, committed 15040K, reserved 1048576K
}
Event: 25.025 GC heap before
{Heap before GC invocations=54 (full 0):
 garbage-first heap   total 242688K, used 202467K [0x0000000080000000, 0x0000000100000000)
  region size 1024K, 38 young (38912K), 4 survivors (4096K)
 Metaspace       used 106449K, committed 107392K, reserved 1146880K
  class space    used 14589K, committed 15040K, reserved 1048576K
}
Event: 25.029 GC heap after
{Heap after GC invocations=55 (full 0):
 garbage-first heap   total 291840K, used 169818K [0x0000000080000000, 0x0000000100000000)
  region size 1024K, 4 young (4096K), 4 survivors (4096K)
 Metaspace       used 106449K, committed 107392K, reserved 1146880K
  class space    used 14589K, committed 15040K, reserved 1048576K
}
Event: 25.305 GC heap before
{Heap before GC invocations=55 (full 0):
 garbage-first heap   total 291840K, used 241498K [0x0000000080000000, 0x0000000100000000)
  region size 1024K, 75 young (76800K), 4 survivors (4096K)
 Metaspace       used 106514K, committed 107520K, reserved 1146880K
  class space    used 14597K, committed 15104K, reserved 1048576K
}
Event: 25.309 GC heap after
{Heap after GC invocations=56 (full 0):
 garbage-first heap   total 291840K, used 171739K [0x0000000080000000, 0x0000000100000000)
  region size 1024K, 6 young (6144K), 6 survivors (6144K)
 Metaspace       used 106514K, committed 107520K, reserved 1146880K
  class space    used 14597K, committed 15104K, reserved 1048576K
}
Event: 27.735 GC heap before
{Heap before GC invocations=56 (full 0):
 garbage-first heap   total 291840K, used 242395K [0x0000000080000000, 0x0000000100000000)
  region size 1024K, 76 young (77824K), 6 survivors (6144K)
 Metaspace       used 107308K, committed 108288K, reserved 1146880K
  class space    used 14674K, committed 15168K, reserved 1048576K
}
Event: 27.741 GC heap after
{Heap after GC invocations=57 (full 0):
 garbage-first heap   total 291840K, used 176263K [0x0000000080000000, 0x0000000100000000)
  region size 1024K, 10 young (10240K), 10 survivors (10240K)
 Metaspace       used 107308K, committed 108288K, reserved 1146880K
  class space    used 14674K, committed 15168K, reserved 1048576K
}
Event: 28.206 GC heap before
{Heap before GC invocations=57 (full 0):
 garbage-first heap   total 291840K, used 239751K [0x0000000080000000, 0x0000000100000000)
  region size 1024K, 73 young (74752K), 10 survivors (10240K)
 Metaspace       used 107662K, committed 108544K, reserved 1146880K
  class space    used 14711K, committed 15168K, reserved 1048576K
}
Event: 28.212 GC heap after
{Heap after GC invocations=58 (full 0):
 garbage-first heap   total 291840K, used 175595K [0x0000000080000000, 0x0000000100000000)
  region size 1024K, 6 young (6144K), 6 survivors (6144K)
 Metaspace       used 107662K, committed 108544K, reserved 1146880K
  class space    used 14711K, committed 15168K, reserved 1048576K
}
Event: 28.669 GC heap before
{Heap before GC invocations=58 (full 0):
 garbage-first heap   total 291840K, used 243179K [0x0000000080000000, 0x0000000100000000)
  region size 1024K, 71 young (72704K), 6 survivors (6144K)
 Metaspace       used 110247K, committed 111232K, reserved 1146880K
  class space    used 14867K, committed 15360K, reserved 1048576K
}
Event: 28.674 GC heap after
{Heap after GC invocations=59 (full 0):
 garbage-first heap   total 291840K, used 178020K [0x0000000080000000, 0x0000000100000000)
  region size 1024K, 6 young (6144K), 6 survivors (6144K)
 Metaspace       used 110247K, committed 111232K, reserved 1146880K
  class space    used 14867K, committed 15360K, reserved 1048576K
}
Event: 29.156 GC heap before
{Heap before GC invocations=59 (full 0):
 garbage-first heap   total 291840K, used 241508K [0x0000000080000000, 0x0000000100000000)
  region size 1024K, 69 young (70656K), 6 survivors (6144K)
 Metaspace       used 111066K, committed 112000K, reserved 1146880K
  class space    used 14958K, committed 15424K, reserved 1048576K
}
Event: 29.160 GC heap after
{Heap after GC invocations=60 (full 0):
 garbage-first heap   total 291840K, used 178108K [0x0000000080000000, 0x0000000100000000)
  region size 1024K, 5 young (5120K), 5 survivors (5120K)
 Metaspace       used 111066K, committed 112000K, reserved 1146880K
  class space    used 14958K, committed 15424K, reserved 1048576K
}
Event: 29.587 GC heap before
{Heap before GC invocations=60 (full 0):
 garbage-first heap   total 291840K, used 242620K [0x0000000080000000, 0x0000000100000000)
  region size 1024K, 69 young (70656K), 5 survivors (5120K)
 Metaspace       used 111235K, committed 112256K, reserved 1146880K
  class space    used 14963K, committed 15424K, reserved 1048576K
}
Event: 29.610 GC heap after
{Heap after GC invocations=61 (full 0):
 garbage-first heap   total 291840K, used 210258K [0x0000000080000000, 0x0000000100000000)
  region size 1024K, 9 young (9216K), 9 survivors (9216K)
 Metaspace       used 111235K, committed 112256K, reserved 1146880K
  class space    used 14963K, committed 15424K, reserved 1048576K
}
Event: 30.296 GC heap before
{Heap before GC invocations=61 (full 0):
 garbage-first heap   total 291840K, used 236882K [0x0000000080000000, 0x0000000100000000)
  region size 1024K, 35 young (35840K), 9 survivors (9216K)
 Metaspace       used 112785K, committed 113792K, reserved 1155072K
  class space    used 15135K, committed 15616K, reserved 1048576K
}
Event: 30.304 GC heap after
{Heap after GC invocations=62 (full 0):
 garbage-first heap   total 291840K, used 211348K [0x0000000080000000, 0x0000000100000000)
  region size 1024K, 3 young (3072K), 3 survivors (3072K)
 Metaspace       used 112785K, committed 113792K, reserved 1155072K
  class space    used 15135K, committed 15616K, reserved 1048576K
}

